1752650291: mosquitto version 2.0.18 starting
1752650291: Config loaded from /mosquitto/config/mosquitto.conf.
1752650291: Opening ipv4 listen socket on port 1883.
1752650291: Opening ipv6 listen socket on port 1883.
1752650291: Opening websockets listen socket on port 9883.
1752650291: mosquitto version 2.0.18 running
1752650297: New connection from 172.18.0.1:36418 on port 1883.
1752650297: New connection from 172.18.0.1:36428 on port 1883.
1752650297: Client <unknown> disconnected due to protocol error.
1752650298: Client <unknown> disconnected due to protocol error.
1752650298: New connection from 172.18.0.1:36438 on port 1883.
1752650298: Client <unknown> disconnected due to protocol error.
1752650298: New connection from 172.18.0.1:36444 on port 1883.
1752650298: Client <unknown> disconnected due to protocol error.
1752650299: New connection from 172.18.0.1:36448 on port 1883.
1752650299: New connection from 172.18.0.1:36460 on port 1883.
1752650299: Client <unknown> disconnected due to protocol error.
1752650306: Client <unknown> closed its connection.
1752652092: Saving in-memory database to /mosquitto/data//mosquitto.db.
1752652092: Warning: File /mosquitto/data//mosquitto.db.new has world readable permissions. Future versions will refuse to load this file.
To fix this, use `chmod 0700 /mosquitto/data//mosquitto.db.new`.
1752668988: mosquitto version 2.0.18 starting
1752668988: Config loaded from /mosquitto/config/mosquitto.conf.
1752668988: Opening ipv4 listen socket on port 1883.
1752668988: Opening ipv6 listen socket on port 1883.
1752668988: Opening websockets listen socket on port 9883.
1752668988: mosquitto version 2.0.18 running
1752668992: New connection from 172.18.0.1:55272 on port 1883.
1752668992: New connection from 172.18.0.1:55280 on port 1883.
1752668992: Client <unknown> disconnected due to protocol error.
1752668993: Client <unknown> disconnected due to protocol error.
1752668993: New connection from 172.18.0.1:55282 on port 1883.
1752668993: Client <unknown> disconnected due to protocol error.
1752668993: New connection from 172.18.0.1:55290 on port 1883.
1752668993: New connection from 172.18.0.1:55296 on port 1883.
1752668993: Client <unknown> disconnected due to protocol error.
1752669081: Client <unknown> closed its connection.
1752669143: mosquitto version 2.0.18 terminating
1752669143: Saving in-memory database to /mosquitto/data//mosquitto.db.
1752669143: Warning: File /mosquitto/data//mosquitto.db.new has world readable permissions. Future versions will refuse to load this file.
To fix this, use `chmod 0700 /mosquitto/data//mosquitto.db.new`.
1753022061: mosquitto version 2.0.18 starting
1753022061: Config loaded from /mosquitto/config/mosquitto.conf.
1753022061: Opening ipv4 listen socket on port 1883.
1753022061: Opening ipv6 listen socket on port 1883.
1753022061: Opening websockets listen socket on port 9883.
1753022061: mosquitto version 2.0.18 running
1753022083: New connection from 172.19.0.1:48516 on port 1883.
1753022083: New connection from 172.19.0.1:48518 on port 1883.
1753022083: Client <unknown> disconnected due to protocol error.
1753022084: Client <unknown> disconnected due to protocol error.
1753022084: New connection from 172.19.0.1:48534 on port 1883.
1753022084: Client <unknown> disconnected due to protocol error.
1753022084: New connection from 172.19.0.1:48536 on port 1883.
1753022084: New connection from 172.19.0.1:48552 on port 1883.
1753022084: Client <unknown> disconnected due to protocol error.
1753022089: Client <unknown> disconnected due to protocol error.
1753022089: New connection from 172.19.0.1:47526 on port 1883.
1753022089: Client <unknown> disconnected due to protocol error.
1753022089: New connection from 172.19.0.1:47542 on port 1883.
1753022089: Client <unknown> disconnected due to protocol error.
1753022227: mosquitto version 2.0.18 terminating
1753022227: Saving in-memory database to /mosquitto/data//mosquitto.db.
1753022227: Warning: File /mosquitto/data//mosquitto.db.new has world readable permissions. Future versions will refuse to load this file.
To fix this, use `chmod 0700 /mosquitto/data//mosquitto.db.new`.
1753255822: mosquitto version 2.0.18 starting
1753255822: Config loaded from /mosquitto/config/mosquitto.conf.
1753255822: Opening ipv4 listen socket on port 1883.
1753255822: Opening ipv6 listen socket on port 1883.
1753255822: Opening websockets listen socket on port 9883.
1753255822: mosquitto version 2.0.18 running
1753255828: New connection from 172.18.0.1:51260 on port 1883.
1753255828: New connection from 172.18.0.1:51272 on port 1883.
1753255828: Client <unknown> disconnected due to protocol error.
1753255828: Client <unknown> disconnected due to protocol error.
1753255828: New connection from 172.18.0.1:51282 on port 1883.
1753255828: Client <unknown> disconnected due to protocol error.
1753255829: New connection from 172.18.0.1:51284 on port 1883.
1753255829: New connection from 172.18.0.1:51294 on port 1883.
1753255829: Client <unknown> disconnected due to protocol error.
1753255829: Client <unknown> disconnected due to protocol error.
1753255829: New connection from 172.18.0.1:51302 on port 1883.
1753255829: Client <unknown> disconnected due to protocol error.
1753255829: New connection from 172.18.0.1:51316 on port 1883.
1753255829: Client <unknown> disconnected due to protocol error.
1753257623: Saving in-memory database to /mosquitto/data//mosquitto.db.
1753257623: Warning: File /mosquitto/data//mosquitto.db.new has world readable permissions. Future versions will refuse to load this file.
To fix this, use `chmod 0700 /mosquitto/data//mosquitto.db.new`.
1753259424: Saving in-memory database to /mosquitto/data//mosquitto.db.
1753259424: Warning: File /mosquitto/data//mosquitto.db.new has world readable permissions. Future versions will refuse to load this file.
To fix this, use `chmod 0700 /mosquitto/data//mosquitto.db.new`.
1753261225: Saving in-memory database to /mosquitto/data//mosquitto.db.
1753261225: Warning: File /mosquitto/data//mosquitto.db.new has world readable permissions. Future versions will refuse to load this file.
To fix this, use `chmod 0700 /mosquitto/data//mosquitto.db.new`.
1753263026: Saving in-memory database to /mosquitto/data//mosquitto.db.
1753263026: Warning: File /mosquitto/data//mosquitto.db.new has world readable permissions. Future versions will refuse to load this file.
To fix this, use `chmod 0700 /mosquitto/data//mosquitto.db.new`.
1753713032: mosquitto version 2.0.18 starting
1753713032: Config loaded from /mosquitto/config/mosquitto.conf.
1753713032: Opening ipv4 listen socket on port 1883.
1753713032: Opening ipv6 listen socket on port 1883.
1753713032: Opening websockets listen socket on port 9883.
1753713032: mosquitto version 2.0.18 running
1753713067: mosquitto version 2.0.18 terminating
1753713067: Saving in-memory database to /mosquitto/data//mosquitto.db.
1753713067: Warning: File /mosquitto/data//mosquitto.db.new has world readable permissions. Future versions will refuse to load this file.
To fix this, use `chmod 0700 /mosquitto/data//mosquitto.db.new`.
1753713079: mosquitto version 2.0.18 starting
1753713079: Config loaded from /mosquitto/config/mosquitto.conf.
1753713079: Opening ipv4 listen socket on port 1883.
1753713079: Opening ipv6 listen socket on port 1883.
1753713079: Opening websockets listen socket on port 9883.
1753713079: mosquitto version 2.0.18 running
1753713266: mosquitto version 2.0.18 terminating
1753713266: Saving in-memory database to /mosquitto/data//mosquitto.db.
1753713266: Warning: File /mosquitto/data//mosquitto.db.new has world readable permissions. Future versions will refuse to load this file.
To fix this, use `chmod 0700 /mosquitto/data//mosquitto.db.new`.
1753713274: mosquitto version 2.0.18 starting
1753713274: Config loaded from /mosquitto/config/mosquitto.conf.
1753713274: Opening ipv4 listen socket on port 1883.
1753713274: Opening ipv6 listen socket on port 1883.
1753713274: Opening websockets listen socket on port 9883.
1753713274: mosquitto version 2.0.18 running
1753715074: Saving in-memory database to /mosquitto/data//mosquitto.db.
1753715074: Warning: File /mosquitto/data//mosquitto.db.new has world readable permissions. Future versions will refuse to load this file.
To fix this, use `chmod 0700 /mosquitto/data//mosquitto.db.new`.
1753716875: Saving in-memory database to /mosquitto/data//mosquitto.db.
1753716875: Warning: File /mosquitto/data//mosquitto.db.new has world readable permissions. Future versions will refuse to load this file.
To fix this, use `chmod 0700 /mosquitto/data//mosquitto.db.new`.
1753721470: mosquitto version 2.0.18 starting
1753721470: Config loaded from /mosquitto/config/mosquitto.conf.
1753721470: Opening ipv4 listen socket on port 1883.
1753721470: Opening ipv6 listen socket on port 1883.
1753721470: Opening websockets listen socket on port 9883.
1753721470: mosquitto version 2.0.18 running
1753721502: mosquitto version 2.0.18 terminating
1753721502: Saving in-memory database to /mosquitto/data//mosquitto.db.
1753721502: Warning: File /mosquitto/data//mosquitto.db.new has world readable permissions. Future versions will refuse to load this file.
To fix this, use `chmod 0700 /mosquitto/data//mosquitto.db.new`.
1753721510: mosquitto version 2.0.18 starting
1753721510: Config loaded from /mosquitto/config/mosquitto.conf.
1753721510: Opening ipv4 listen socket on port 1883.
1753721510: Opening ipv6 listen socket on port 1883.
1753721510: Opening websockets listen socket on port 9883.
1753721510: mosquitto version 2.0.18 running
1753723310: Saving in-memory database to /mosquitto/data//mosquitto.db.
1753723310: Warning: File /mosquitto/data//mosquitto.db.new has world readable permissions. Future versions will refuse to load this file.
To fix this, use `chmod 0700 /mosquitto/data//mosquitto.db.new`.
1753725111: Saving in-memory database to /mosquitto/data//mosquitto.db.
1753725111: Warning: File /mosquitto/data//mosquitto.db.new has world readable permissions. Future versions will refuse to load this file.
To fix this, use `chmod 0700 /mosquitto/data//mosquitto.db.new`.
1756575050: mosquitto version 2.0.18 starting
1756575050: Config loaded from /mosquitto/config/mosquitto.conf.
1756575050: Opening ipv4 listen socket on port 1883.
1756575050: Opening ipv6 listen socket on port 1883.
1756575050: Opening websockets listen socket on port 9883.
1756575050: mosquitto version 2.0.18 running
1756576792: mosquitto version 2.0.18 terminating
1756576792: Saving in-memory database to /mosquitto/data//mosquitto.db.
1756576792: Warning: File /mosquitto/data//mosquitto.db.new has world readable permissions. Future versions will refuse to load this file.
To fix this, use `chmod 0700 /mosquitto/data//mosquitto.db.new`.
